May 27 10:06:33.145 INFO: manager: 1.1.0
May 27 10:06:33.146 INFO: manager: Copyright (C) 2003-2010
May 27 10:06:33.146 INFO: manager:   Noriaki Ando
May 27 10:06:33.146 INFO: manager:   Intelligent Systems Research Institute, AIST
May 27 10:06:33.146 INFO: manager: Manager starting.
May 27 10:06:33.146 INFO: manager: Starting local logging.
May 27 10:06:33.150 WARNING: NamingOnCorba: No endpoint for the CORBA naming service (localhost) was found.
May 27 10:06:33.150 INFO: NamingManager: NameServer connection succeeded: corba/localhost
May 27 10:06:33.151 INFO: ManagerServant: Master manager not found
May 27 10:06:41.851 WARNING: SdoServiceAdmin: No available SDO service in the factory: 
May 27 10:06:41.853 WARNING: SdoServiceAdmin: No available SDO service in the factory: IDL:OpenRTM/ComponentObserver:1.0
May 27 10:07:00.647 WARNING: user_head: Dead connection: ebed2bf4-268e-495f-9536-46ba74071f12
May 27 10:07:00.648 WARNING: user_head: Exception caught: minor code(1096024066).
May 27 10:07:00.648 WARNING: user_neck: Dead connection: 3f2da142-8495-4b3e-9c43-16c13fd34526
May 27 10:07:00.648 WARNING: user_neck: Exception caught: minor code(1096024066).
May 27 10:07:00.648 WARNING: user_left_shoulder: Dead connection: 1f0120b2-d890-4185-bde6-42e21de4b55d
May 27 10:07:00.648 WARNING: user_left_shoulder: Exception caught: minor code(1096024066).
May 27 10:07:00.648 WARNING: user_left_elbow: Dead connection: 294344dc-0301-4d1a-9421-2515b64e218e
May 27 10:07:00.648 WARNING: user_left_elbow: Exception caught: minor code(1096024066).
May 27 10:07:00.648 WARNING: user_left_hand: Dead connection: 37849056-6341-47b6-a328-3c7fb4568acc
May 27 10:07:00.648 WARNING: user_left_hand: Exception caught: minor code(1096024066).
May 27 10:07:00.648 WARNING: user_right_shoulder: Dead connection: 03304646-a3a5-464b-ab98-2fb0b5ec9432
May 27 10:07:00.648 WARNING: user_right_shoulder: Exception caught: minor code(1096024066).
May 27 10:07:00.649 WARNING: user_right_elbow: Dead connection: 6cfeceda-b54b-40da-9caa-087294899abb
May 27 10:07:00.649 WARNING: user_right_elbow: Exception caught: minor code(1096024066).
May 27 10:07:00.649 WARNING: user_right_hand: Dead connection: 93701c32-cc95-401c-9d2e-34ab01620633
May 27 10:07:00.649 WARNING: user_right_hand: Exception caught: minor code(1096024066).
May 27 10:07:00.649 WARNING: user_torso: Dead connection: 0fb77c5d-99f8-4c5e-bf0b-282b2314ca0b
May 27 10:07:00.649 WARNING: user_torso: Exception caught: minor code(1096024066).
May 28 07:59:55.083 INFO: manager: 1.1.0
May 28 07:59:55.084 INFO: manager: Copyright (C) 2003-2010
May 28 07:59:55.084 INFO: manager:   Noriaki Ando
May 28 07:59:55.084 INFO: manager:   Intelligent Systems Research Institute, AIST
May 28 07:59:55.084 INFO: manager: Manager starting.
May 28 07:59:55.084 INFO: manager: Starting local logging.
May 28 07:59:55.091 WARNING: NamingOnCorba: No endpoint for the CORBA naming service (localhost) was found.
May 28 07:59:55.091 INFO: NamingManager: NameServer connection succeeded: corba/localhost
May 28 07:59:55.092 INFO: ManagerServant: Master manager not found
May 28 07:59:57.472 WARNING: SdoServiceAdmin: No available SDO service in the factory: 
May 28 07:59:57.474 WARNING: SdoServiceAdmin: No available SDO service in the factory: IDL:OpenRTM/ComponentObserver:1.0
May 28 08:00:14.213 WARNING: user_head: Dead connection: 2bebf445-fcc0-4fc9-b24b-ed0de7a7419e
May 28 08:00:14.213 WARNING: user_head: Exception caught: minor code(1096024066).
May 28 08:00:14.213 WARNING: user_neck: Dead connection: 7fcd2c67-da7f-4b93-8e68-847f53f82035
May 28 08:00:14.213 WARNING: user_neck: Exception caught: minor code(1096024066).
May 28 08:00:14.213 WARNING: user_left_shoulder: Dead connection: 696e5821-4b49-4779-90f1-853d6db51075
May 28 08:00:14.214 WARNING: user_left_shoulder: Exception caught: minor code(1096024066).
May 28 08:00:14.214 WARNING: user_left_elbow: Dead connection: 93ce9b99-4b87-4e60-aec4-1ed9b3ef367e
May 28 08:00:14.214 WARNING: user_left_elbow: Exception caught: minor code(1096024066).
May 28 08:00:14.214 WARNING: user_left_hand: Dead connection: 1e198b1c-1202-41f4-a9d4-cac405f0632b
May 28 08:00:14.214 WARNING: user_left_hand: Exception caught: minor code(1096024066).
May 28 08:00:14.214 WARNING: user_right_shoulder: Dead connection: f840835b-5de3-4d1c-8028-f1767d16a3e9
May 28 08:00:14.214 WARNING: user_right_shoulder: Exception caught: minor code(1096024066).
May 28 08:00:14.215 WARNING: user_right_elbow: Dead connection: 06d57b3c-8a8e-4c7f-9cc2-fb8da0e63c90
May 28 08:00:14.215 WARNING: user_right_elbow: Exception caught: minor code(1096024066).
May 28 08:00:14.215 WARNING: user_right_hand: Dead connection: 04805dfa-6b2d-4209-ac6d-772a5fd4738c
May 28 08:00:14.215 WARNING: user_right_hand: Exception caught: minor code(1096024066).
May 28 08:00:14.215 WARNING: user_torso: Dead connection: f91812d4-8c84-4df5-a6c1-25bf24c7a9bf
May 28 08:00:14.215 WARNING: user_torso: Exception caught: minor code(1096024066).
