May 28 05:56:51.903 INFO: manager: 1.1.0
May 28 05:56:51.904 INFO: manager: Copyright (C) 2003-2010
May 28 05:56:51.904 INFO: manager:   Noriaki Ando
May 28 05:56:51.904 INFO: manager:   Intelligent Systems Research Institute, AIST
May 28 05:56:51.904 INFO: manager: Manager starting.
May 28 05:56:51.904 INFO: manager: Starting local logging.
May 28 05:56:51.909 WARNING: NamingOnCorba: No endpoint for the CORBA naming service (localhost) was found.
May 28 05:56:51.909 INFO: NamingManager: NameServer connection succeeded: corba/localhost
May 28 05:56:51.911 INFO: ManagerServant: Master manager not found
May 28 05:56:55.299 WARNING: SdoServiceAdmin: No available SDO service in the factory: 
May 28 05:56:55.300 WARNING: SdoServiceAdmin: No available SDO service in the factory: IDL:OpenRTM/ComponentObserver:1.0
May 28 05:58:32.751 WARNING: user_head: Dead connection: fdee301d-cb9f-4316-9d2a-f91a76870e5b
May 28 05:58:32.751 WARNING: user_head: Exception caught: minor code(1096024066).
May 28 05:58:32.751 WARNING: user_neck: Dead connection: 8bf45662-508c-41cb-8557-bbf85674b34b
May 28 05:58:32.752 WARNING: user_neck: Exception caught: minor code(1096024066).
May 28 05:58:32.752 WARNING: user_left_shoulder: Dead connection: 95918a65-485a-49e9-8a96-0114299a7ef2
May 28 05:58:32.752 WARNING: user_left_shoulder: Exception caught: minor code(1096024066).
May 28 05:58:32.752 WARNING: user_left_elbow: Dead connection: 27c99661-084f-4bbb-9406-58461c75df01
May 28 05:58:32.752 WARNING: user_left_elbow: Exception caught: minor code(1096024066).
May 28 05:58:32.752 WARNING: user_left_hand: Dead connection: 1f2ef135-466b-43e4-b18b-86460a30fdb7
May 28 05:58:32.752 WARNING: user_left_hand: Exception caught: minor code(1096024066).
May 28 05:58:32.753 WARNING: user_right_shoulder: Dead connection: 08e2e3cc-3221-4198-8fc8-8cb21e25edbc
May 28 05:58:32.753 WARNING: user_right_shoulder: Exception caught: minor code(1096024066).
May 28 05:58:32.753 WARNING: user_right_elbow: Dead connection: 83c9f205-9262-4148-ae5a-1e44249c6fac
May 28 05:58:32.753 WARNING: user_right_elbow: Exception caught: minor code(1096024066).
May 28 05:58:32.753 WARNING: user_right_hand: Dead connection: 5676daca-4d31-4c58-a314-52f48717dde4
May 28 05:58:32.753 WARNING: user_right_hand: Exception caught: minor code(1096024066).
May 28 05:58:32.753 WARNING: user_torso: Dead connection: 91172ec5-e834-4989-8de2-f1f71afaf536
May 28 05:58:32.754 WARNING: user_torso: Exception caught: minor code(1096024066).
