May 26 05:17:21.830 INFO: manager: 1.1.0
May 26 05:17:21.830 INFO: manager: Copyright (C) 2003-2010
May 26 05:17:21.830 INFO: manager:   Noriaki Ando
May 26 05:17:21.830 INFO: manager:   Intelligent Systems Research Institute, AIST
May 26 05:17:21.830 INFO: manager: Manager starting.
May 26 05:17:21.830 INFO: manager: Starting local logging.
May 26 05:17:21.835 WARNING: NamingOnCorba: No endpoint for the CORBA naming service (localhost) was found.
May 26 05:17:21.835 INFO: NamingManager: NameServer connection succeeded: corba/localhost
May 26 05:17:21.836 INFO: ManagerServant: Master manager not found
May 26 05:17:42.514 WARNING: SdoServiceAdmin: No available SDO service in the factory: 
May 26 05:17:42.518 WARNING: SdoServiceAdmin: No available SDO service in the factory: IDL:OpenRTM/ComponentObserver:1.0
May 26 05:18:26.636 WARNING: user_head: Dead connection: 7a664ff5-7b6b-4d9b-874b-dd6ae511f4c6
May 26 05:18:26.636 WARNING: user_head: Exception caught: minor code(1096024066).
May 26 05:18:26.636 WARNING: user_neck: Dead connection: 60a4a40c-2987-4224-babc-695261c96557
May 26 05:18:26.636 WARNING: user_neck: Exception caught: minor code(1096024066).
May 26 05:18:26.636 WARNING: user_left_shoulder: Dead connection: e3c84f40-076a-4248-8fa0-90554ec1b199
May 26 05:18:26.636 WARNING: user_left_shoulder: Exception caught: minor code(1096024066).
May 26 05:18:26.637 WARNING: user_left_elbow: Dead connection: 2aeb229d-7811-44ce-ba0a-28c08b06337a
May 26 05:18:26.637 WARNING: user_left_elbow: Exception caught: minor code(1096024066).
May 26 05:18:26.637 WARNING: user_left_hand: Dead connection: f194de0d-bd75-4086-9640-cb3aef4bef25
May 26 05:18:26.637 WARNING: user_left_hand: Exception caught: minor code(1096024066).
May 26 05:18:26.637 WARNING: user_right_shoulder: Dead connection: c12aee2f-0de7-4d2a-828e-e2544d933a50
May 26 05:18:26.637 WARNING: user_right_shoulder: Exception caught: minor code(1096024066).
May 26 05:18:26.637 WARNING: user_right_elbow: Dead connection: f4b54a48-014f-442d-9a5c-c63c81c36922
May 26 05:18:26.638 WARNING: user_right_elbow: Exception caught: minor code(1096024066).
May 26 05:18:26.638 WARNING: user_right_hand: Dead connection: eb2b528b-a3bd-4cd6-8681-294acccd6b1f
May 26 05:18:26.638 WARNING: user_right_hand: Exception caught: minor code(1096024066).
May 26 05:18:26.638 WARNING: user_torso: Dead connection: 5370699b-5dd2-4128-a81a-4de00fdc2ffe
May 26 05:18:26.638 WARNING: user_torso: Exception caught: minor code(1096024066).
